2014-06-15 19:07:48.321 Workshop[12217:70b] Multi-tasking -> Device: YES, App: YES
2014-06-15 19:07:48.581 Workshop[12217:70b] Unlimited access to network resources
2014-06-15 19:07:48.631 Workshop[12217:70b] 

Started backup to iCloud! Please be careful.
Your application might rejected by Apple if you store too much data.
For more information please read "iOS Data Storage Guidelines"
You could find it at the following address https://developer.apple.com/icloud/documentation/data-storage/ .

2014-06-15 19:07:49.827 Workshop[12217:70b] Resetting plugins due to page load.
2014-06-15 19:07:50.057 Workshop[12217:70b] Finished load of: file:///Users/Sameid/Library/Application%20Support/iPhone%20Simulator/7.1/Applications/E6DF147E-B826-428A-AF49-38309D0C6CF2/Workshop.app/www/index.html
2014-06-15 19:07:50.167 Workshop[12217:70b] THREAD WARNING: ['Device'] took '12.775879' ms. Plugin should use a background thread.
2014-06-15 19:07:50.176 Workshop[12217:70b] Received Event: deviceready
Terminating in response to SpringBoard's termination.
2014-06-15 19:46:35.980 Workshop[13125:70b] Multi-tasking -> Device: YES, App: YES
2014-06-15 19:46:36.028 Workshop[13125:70b] Unlimited access to network resources
2014-06-15 19:46:36.048 Workshop[13125:70b] 

Started backup to iCloud! Please be careful.
Your application might rejected by Apple if you store too much data.
For more information please read "iOS Data Storage Guidelines"
You could find it at the following address https://developer.apple.com/icloud/documentation/data-storage/ .

2014-06-15 19:46:36.799 Workshop[13125:70b] Resetting plugins due to page load.
2014-06-15 19:46:37.039 Workshop[13125:70b] Finished load of: file:///Users/Sameid/Library/Application%20Support/iPhone%20Simulator/7.1/Applications/E6DF147E-B826-428A-AF49-38309D0C6CF2/Workshop.app/www/index.html
2014-06-17 12:15:10.480 Workshop[16462:70b] Multi-tasking -> Device: YES, App: YES
2014-06-17 12:15:10.721 Workshop[16462:70b] Unlimited access to network resources
2014-06-17 12:15:10.806 Workshop[16462:70b] 

Started backup to iCloud! Please be careful.
Your application might rejected by Apple if you store too much data.
For more information please read "iOS Data Storage Guidelines"
You could find it at the following address https://developer.apple.com/icloud/documentation/data-storage/ .

2014-06-17 12:15:14.160 Workshop[16462:70b] Resetting plugins due to page load.
2014-06-17 12:15:15.176 Workshop[16462:70b] Finished load of: file:///Users/Sameid/Library/Application%20Support/iPhone%20Simulator/7.1/Applications/E6DF147E-B826-428A-AF49-38309D0C6CF2/Workshop.app/www/index.html
2014-06-17 12:15:23.207 Workshop[16462:70b] {}
2014-06-17 12:15:26.486 Workshop[16462:70b] {}
2014-06-17 12:15:35.356 Workshop[16462:70b] {}
